#
# A fatal error has been detected by the Java Runtime Environment:
#
#  EXCEPTION_ACCESS_VIOLATION (0xc0000005) at pc=0x00007ff85c06ddfd, pid=21692, tid=24512
#
# JRE version: OpenJDK Runtime Environment Microsoft-25199 (11.0.12+7) (build 11.0.12+7)
# Java VM: OpenJDK 64-Bit Server VM Microsoft-25199 (11.0.12+7, mixed mode, tiered, compressed oops, g1 gc, windows-amd64)
# Problematic frame:
# C  [lwjgl_opengl.dll+0xddfd]
#
# No core dump will be written. Minidumps are not enabled by default on client versions of Windows
#
# If you would like to submit a bug report, please visit:
#   https://github.com/microsoft/openjdk/issues
# The crash happened outside the Java Virtual Machine in native code.
# See problematic frame for where to report the bug.
#

---------------  S U M M A R Y ------------

Command Line: -agentlib:jdwp=transport=dt_socket,address=127.0.0.1:29266,suspend=y,server=n -javaagent:C:\Users\launa\AppData\Local\JetBrains\IdeaIE2022.2\captureAgent\debugger-agent.jar -Dfile.encoding=UTF-8 supercube.App

Host: Intel(R) Core(TM) i7-10870H CPU @ 2.20GHz, 16 cores, 15G,  Windows 10 , 64 bit Build 19041 (10.0.19041.2364)
Time: Thu Jan  5 15:57:52 2023 Paris, Madrid elapsed time: 737.110248 seconds (0d 0h 12m 17s)

---------------  T H R E A D  ---------------

Current thread (0x0000024623170800):  JavaThread "main" [_thread_in_native, id=24512, stack(0x000000e27c100000,0x000000e27c200000)]

Stack: [0x000000e27c100000,0x000000e27c200000],  sp=0x000000e27c1ff358,  free space=1020k
Native frames: (J=compiled Java code, j=interpreted, Vv=VM code, C=native code)
C  [lwjgl_opengl.dll+0xddfd]

Java frames: (J=compiled Java code, j=interpreted, Vv=VM code)
j  org.lwjgl.opengl.GL15C.nglGenBuffers(IJ)V+0
j  org.lwjgl.opengl.GL15C.glGenBuffers()I+20
j  org.lwjgl.opengl.GL15.glGenBuffers()I+0
j  supercube.Vecteurs.standardVecteurs()[F+98
j  supercube.Vecteurs.createStandardVecteurs()Lsupercube/Vecteurs;+2
j  supercube.App.run()V+22
j  supercube.App.main([Ljava/lang/String;)V+7
v  ~StubRoutines::call_stub

siginfo: EXCEPTION_ACCESS_VIOLATION (0xc0000005), reading address 0x0000000000000d98


Register to memory mapping:

RIP=0x00007ff85c06ddfd lwjgl_opengl.dll
RAX=0x000002464896d830 points into unknown readable memory: 0x0000000000000000 | 00 00 00 00 00 00 00 00
RBX={method} {0x0000024648f43d18} 'nglGenBuffers' '(IJ)V' in 'org/lwjgl/opengl/GL15C'
RCX=0x0000000000000001 is an unknown value
RDX=0x000002464893640c points into unknown readable memory: 00 00 00 00
RSP=0x000000e27c1ff358 is pointing into the stack for thread: 0x0000024623170800
RBP=0x000000e27c1ff3e0 is pointing into the stack for thread: 0x0000024623170800
RSI=0x0000024648e66860 is pointing into metadata
RDI=0x000002462b89c2ce is at code_begin+3950 in an Interpreter codelet
invoke return entry points  [0x000002462b89b360, 0x000002462b89d420]  8384 bytes
R8 =0x0000000000000001 is an unknown value
R9 =0x000002464893640c points into unknown readable memory: 00 00 00 00
R10=0x0 is NULL
R11=0x0000000711b7c9e0 is an oop: java.lang.Class 
{0x0000000711b7c9e0} - klass: 'java/lang/Class'
R12=0x0 is NULL
R13={method} {0x0000024648f43d18} 'nglGenBuffers' '(IJ)V' in 'org/lwjgl/opengl/GL15C'
R14=0x000000e27c1ff410 is pointing into the stack for thread: 0x0000024623170800
R15=0x0000024623170800 is a thread


Registers:
RAX=0x000002464896d830, RBX=0x0000024648f43d10, RCX=0x0000000000000001, RDX=0x000002464893640c
RSP=0x000000e27c1ff358, RBP=0x000000e27c1ff3e0, RSI=0x0000024648e66860, RDI=0x000002462b89c2ce
R8 =0x0000000000000001, R9 =0x000002464893640c, R10=0x0000000000000000, R11=0x0000000711b7c9e0
R12=0x0000000000000000, R13=0x0000024648f43d10, R14=0x000000e27c1ff410, R15=0x0000024623170800
RIP=0x00007ff85c06ddfd, EFLAGS=0x0000000000010202

Top of Stack: (sp=0x000000e27c1ff358)
0x000000e27c1ff358:   000002462b8a64c2 000002462b89c2ce
0x000000e27c1ff368:   000002462b8a5df2 0000024623170800
0x000000e27c1ff378:   0000024648f43d10 000000e27c1ff3e0
0x000000e27c1ff388:   0000024648e66860 000002462b8a5d96
0x000000e27c1ff398:   000000e27c1ff398 0000024648f43d10
0x000000e27c1ff3a8:   000000e27c1ff410 0000024648f618d0
0x000000e27c1ff3b8:   0000000000000000 0000000711b7c9e0
0x000000e27c1ff3c8:   0000024648f43d10 0000000000000000
0x000000e27c1ff3d8:   000000e27c1ff400 000000e27c1ff460
0x000000e27c1ff3e8:   000002462b89d0fd 0000000711b7c9e0
0x000000e27c1ff3f8:   000002462b8a13d8 000002464893640c
0x000000e27c1ff408:   0000000000000000 0000000000000001
0x000000e27c1ff418:   000000e27c1ff418 0000024648f43e94
0x000000e27c1ff428:   000000e27c1ff490 0000024648f618d0
0x000000e27c1ff438:   0000000000000000 0000000711b7c9e0
0x000000e27c1ff448:   0000024648f43f00 000000e27c1ff400 

Instructions: (pc=0x00007ff85c06ddfd)
0x00007ff85c06dcfd:   cc cc cc 48 8b 01 0f 28 cb 41 8b c8 48 8b 50 18
0x00007ff85c06dd0d:   48 ff a2 58 0c 00 00 cc cc cc cc cc cc cc cc cc
0x00007ff85c06dd1d:   cc cc cc 48 8b 01 41 8b d1 41 8b c8 4c 8b 50 18
0x00007ff85c06dd2d:   49 ff a2 60 0c 00 00 cc cc cc cc cc cc cc cc cc
0x00007ff85c06dd3d:   cc cc cc 48 8b 01 49 8b d1 41 8b c8 4c 8b 50 18
0x00007ff85c06dd4d:   49 ff a2 68 0c 00 00 cc cc cc cc cc cc cc cc cc
0x00007ff85c06dd5d:   cc cc cc 48 8b 01 49 8b d1 41 8b c8 4c 8b 50 18
0x00007ff85c06dd6d:   49 ff a2 70 0c 00 00 cc cc cc cc cc cc cc cc cc
0x00007ff85c06dd7d:   cc cc cc 40 53 48 8b 01 41 8b d8 44 8b 44 24 30
0x00007ff85c06dd8d:   41 8b d1 44 8b 4c 24 38 8b cb 4c 8b 50 18 5b 49
0x00007ff85c06dd9d:   ff a2 00 0d 00 00 cc cc cc cc cc cc cc cc cc cc
0x00007ff85c06ddad:   cc cc cc 48 8b 01 41 8b d1 41 8b c8 4c 8b 50 18
0x00007ff85c06ddbd:   49 ff a2 88 0d 00 00 cc cc cc cc cc cc cc cc cc
0x00007ff85c06ddcd:   cc cc cc 48 8b 01 49 8b d1 41 8b c8 4c 8b 50 18
0x00007ff85c06dddd:   49 ff a2 90 0d 00 00 cc cc cc cc cc cc cc cc cc
0x00007ff85c06dded:   cc cc cc 48 8b 01 49 8b d1 41 8b c8 4c 8b 50 18
0x00007ff85c06ddfd:   49 ff a2 98 0d 00 00 cc cc cc cc cc cc cc cc cc
0x00007ff85c06de0d:   cc cc cc 48 8b 01 48 8b 48 18 48 8b 81 a0 0d 00
0x00007ff85c06de1d:   00 41 8b c8 48 ff e0 cc cc cc cc cc cc cc cc cc
0x00007ff85c06de2d:   cc cc cc 40 53 48 8b 01 41 8b d8 4c 8b 44 24 30
0x00007ff85c06de3d:   49 8b d1 44 8b 4c 24 38 8b cb 4c 8b 50 18 5b 49
0x00007ff85c06de4d:   ff a2 a8 0d 00 00 cc cc cc cc cc cc cc cc cc cc
0x00007ff85c06de5d:   cc cc cc 40 53 48 8b 01 41 8b d8 4c 8b 44 24 30
0x00007ff85c06de6d:   49 8b d1 4c 8b 4c 24 38 8b cb 4c 8b 50 18 5b 49
0x00007ff85c06de7d:   ff a2 b0 0d 00 00 cc cc cc cc cc cc cc cc cc cc
0x00007ff85c06de8d:   cc cc cc 40 53 48 8b 01 41 8b d8 4c 8b 44 24 30
0x00007ff85c06de9d:   49 8b d1 4c 8b 4c 24 38 8b cb 4c 8b 50 18 5b 49
0x00007ff85c06dead:   ff a2 b8 0d 00 00 cc cc cc cc cc cc cc cc cc cc
0x00007ff85c06debd:   cc cc cc 48 8b 01 41 8b d1 48 8b 48 18 48 8b 81
0x00007ff85c06decd:   c0 0d 00 00 41 8b c8 48 ff e0 cc cc cc cc cc cc
0x00007ff85c06dedd:   cc cc cc 48 8b 01 48 8b 48 18 48 8b 81 c8 0d 00
0x00007ff85c06deed:   00 41 8b c8 48 ff e0 cc cc cc cc cc cc cc cc cc 


Stack slot to memory mapping:
stack at sp + 0 slots: 0x000002462b8a64c2 is at code_begin+2018 in an Interpreter codelet
method entry point (kind = native)  [0x000002462b8a5ce0, 0x000002462b8a6fe0]  4864 bytes
stack at sp + 1 slots: 0x000002462b89c2ce is at code_begin+3950 in an Interpreter codelet
invoke return entry points  [0x000002462b89b360, 0x000002462b89d420]  8384 bytes
stack at sp + 2 slots: 0x000002462b8a5df2 is at code_begin+274 in an Interpreter codelet
method entry point (kind = native)  [0x000002462b8a5ce0, 0x000002462b8a6fe0]  4864 bytes
stack at sp + 3 slots: 0x0000024623170800 is a thread
stack at sp + 4 slots: {method} {0x0000024648f43d18} 'nglGenBuffers' '(IJ)V' in 'org/lwjgl/opengl/GL15C'
stack at sp + 5 slots: 0x000000e27c1ff3e0 is pointing into the stack for thread: 0x0000024623170800
stack at sp + 6 slots: 0x0000024648e66860 is pointing into metadata
stack at sp + 7 slots: 0x000002462b8a5d96 is at code_begin+182 in an Interpreter codelet
method entry point (kind = native)  [0x000002462b8a5ce0, 0x000002462b8a6fe0]  4864 bytes


---------------  P R O C E S S  ---------------

Threads class SMR info:
_java_thread_list=0x000002464838d010, length=12, elements={
0x0000024623170800, 0x0000024647909000, 0x000002464790a800, 0x00000246481ff800,
0x0000024648200000, 0x0000024648202000, 0x000002464820b000, 0x000002464820c800,
0x0000024648214000, 0x00000246478b6000, 0x00000246486c1000, 0x0000024648333000
}

Java Threads: ( => current thread )
=>0x0000024623170800 JavaThread "main" [_thread_in_native, id=24512, stack(0x000000e27c100000,0x000000e27c200000)]
  0x0000024647909000 JavaThread "Reference Handler" daemon [_thread_blocked, id=21676, stack(0x000000e27c800000,0x000000e27c900000)]
  0x000002464790a800 JavaThread "Finalizer" daemon [_thread_blocked, id=1628, stack(0x000000e27c900000,0x000000e27ca00000)]
  0x00000246481ff800 JavaThread "Signal Dispatcher" daemon [_thread_blocked, id=19316, stack(0x000000e27ca00000,0x000000e27cb00000)]
  0x0000024648200000 JavaThread "Attach Listener" daemon [_thread_blocked, id=23280, stack(0x000000e27cb00000,0x000000e27cc00000)]
  0x0000024648202000 JavaThread "Service Thread" daemon [_thread_blocked, id=22880, stack(0x000000e27cc00000,0x000000e27cd00000)]
  0x000002464820b000 JavaThread "C2 CompilerThread0" daemon [_thread_blocked, id=4808, stack(0x000000e27cd00000,0x000000e27ce00000)]
  0x000002464820c800 JavaThread "C1 CompilerThread0" daemon [_thread_blocked, id=20040, stack(0x000000e27ce00000,0x000000e27cf00000)]
  0x0000024648214000 JavaThread "Sweeper thread" daemon [_thread_blocked, id=22976, stack(0x000000e27cf00000,0x000000e27d000000)]
  0x00000246478b6000 JavaThread "Common-Cleaner" daemon [_thread_blocked, id=18972, stack(0x000000e27d000000,0x000000e27d100000)]
  0x00000246486c1000 JavaThread "JDWP Event Helper Thread" daemon [_thread_blocked, id=22396, stack(0x000000e27d600000,0x000000e27d700000)]
  0x0000024648333000 JavaThread "SIGINT handler" daemon [_thread_blocked, id=5536, stack(0x000000e27c000000,0x000000e27c100000)]

Other Threads:
  0x00000246478f7800 VMThread "VM Thread" [stack: 0x000000e27c700000,0x000000e27c800000] [id=21776]
  0x00000246486d5800 WatcherThread [stack: 0x000000e27d800000,0x000000e27d900000] [id=14596]
  0x0000024623188800 GCTaskThread "GC Thread#0" [stack: 0x000000e27c200000,0x000000e27c300000] [id=21888]
  0x00000246231e7000 ConcurrentGCThread "G1 Main Marker" [stack: 0x000000e27c300000,0x000000e27c400000] [id=24164]
  0x00000246231e8800 ConcurrentGCThread "G1 Conc#0" [stack: 0x000000e27c400000,0x000000e27c500000] [id=20552]
  0x00000246477de000 ConcurrentGCThread "G1 Refine#0" [stack: 0x000000e27c500000,0x000000e27c600000] [id=16368]
  0x00000246477e0000 ConcurrentGCThread "G1 Young RemSet Sampling" [stack: 0x000000e27c600000,0x000000e27c700000] [id=22108]

Threads with active compile tasks:

VM state:not at safepoint (normal execution)

VM Mutex/Monitor currently owned by a thread: None

Heap address: 0x0000000702800000, size: 4056 MB, Compressed Oops mode: Zero based, Oop shift amount: 3
Narrow klass base: 0x0000000800000000, Narrow klass shift: 0
Compressed class space size: 1073741824 Address: 0x0000000800000000

Heap:
 garbage-first heap   total 260096K, used 10240K [0x0000000702800000, 0x0000000800000000)
  region size 1024K, 12 young (12288K), 0 survivors (0K)
 Metaspace       used 10012K, capacity 10228K, committed 10368K, reserved 1058816K
  class space    used 806K, capacity 857K, committed 896K, reserved 1048576K
Heap Regions: E=young(eden), S=young(survivor), O=old, HS=humongous(starts), HC=humongous(continues), CS=collection set, F=free, A=archive, TAMS=top-at-mark-start (previous, next)
|   0|0x0000000702800000, 0x0000000702800000, 0x0000000702900000|  0%| F|  |TAMS 0x0000000702800000, 0x0000000702800000| Untracked 
|   1|0x0000000702900000, 0x0000000702900000, 0x0000000702a00000|  0%| F|  |TAMS 0x0000000702900000, 0x0000000702900000| Untracked 
|   2|0x0000000702a00000, 0x0000000702a00000, 0x0000000702b00000|  0%| F|  |TAMS 0x0000000702a00000, 0x0000000702a00000| Untracked 
|   3|0x0000000702b00000, 0x0000000702b00000, 0x0000000702c00000|  0%| F|  |TAMS 0x0000000702b00000, 0x0000000702b00000| Untracked 
|   4|0x0000000702c00000, 0x0000000702c00000, 0x0000000702d00000|  0%| F|  |TAMS 0x0000000702c00000, 0x0000000702c00000| Untracked 
|   5|0x0000000702d00000, 0x0000000702d00000, 0x0000000702e00000|  0%| F|  |TAMS 0x0000000702d00000, 0x0000000702d00000| Untracked 
|   6|0x0000000702e00000, 0x0000000702e00000, 0x0000000702f00000|  0%| F|  |TAMS 0x0000000702e00000, 0x0000000702e00000| Untracked 
|   7|0x0000000702f00000, 0x0000000702f00000, 0x0000000703000000|  0%| F|  |TAMS 0x0000000702f00000, 0x0000000702f00000| Untracked 
|   8|0x0000000703000000, 0x0000000703000000, 0x0000000703100000|  0%| F|  |TAMS 0x0000000703000000, 0x0000000703000000| Untracked 
|   9|0x0000000703100000, 0x0000000703100000, 0x0000000703200000|  0%| F|  |TAMS 0x0000000703100000, 0x0000000703100000| Untracked 
|  10|0x0000000703200000, 0x0000000703200000, 0x0000000703300000|  0%| F|  |TAMS 0x0000000703200000, 0x0000000703200000| Untracked 
|  11|0x0000000703300000, 0x0000000703300000, 0x0000000703400000|  0%| F|  |TAMS 0x0000000703300000, 0x0000000703300000| Untracked 
|  12|0x0000000703400000, 0x0000000703400000, 0x0000000703500000|  0%| F|  |TAMS 0x0000000703400000, 0x0000000703400000| Untracked 
|  13|0x0000000703500000, 0x0000000703500000, 0x0000000703600000|  0%| F|  |TAMS 0x0000000703500000, 0x0000000703500000| Untracked 
|  14|0x0000000703600000, 0x0000000703600000, 0x0000000703700000|  0%| F|  |TAMS 0x0000000703600000, 0x0000000703600000| Untracked 
|  15|0x0000000703700000, 0x0000000703700000, 0x0000000703800000|  0%| F|  |TAMS 0x0000000703700000, 0x0000000703700000| Untracked 
|  16|0x0000000703800000, 0x0000000703800000, 0x0000000703900000|  0%| F|  |TAMS 0x0000000703800000, 0x0000000703800000| Untracked 
|  17|0x0000000703900000, 0x0000000703900000, 0x0000000703a00000|  0%| F|  |TAMS 0x0000000703900000, 0x0000000703900000| Untracked 
|  18|0x0000000703a00000, 0x0000000703a00000, 0x0000000703b00000|  0%| F|  |TAMS 0x0000000703a00000, 0x0000000703a00000| Untracked 
|  19|0x0000000703b00000, 0x0000000703b00000, 0x0000000703c00000|  0%| F|  |TAMS 0x0000000703b00000, 0x0000000703b00000| Untracked 
|  20|0x0000000703c00000, 0x0000000703c00000, 0x0000000703d00000|  0%| F|  |TAMS 0x0000000703c00000, 0x0000000703c00000| Untracked 
|  21|0x0000000703d00000, 0x0000000703d00000, 0x0000000703e00000|  0%| F|  |TAMS 0x0000000703d00000, 0x0000000703d00000| Untracked 
|  22|0x0000000703e00000, 0x0000000703e00000, 0x0000000703f00000|  0%| F|  |TAMS 0x0000000703e00000, 0x0000000703e00000| Untracked 
|  23|0x0000000703f00000, 0x0000000703f00000, 0x0000000704000000|  0%| F|  |TAMS 0x0000000703f00000, 0x0000000703f00000| Untracked 
|  24|0x0000000704000000, 0x0000000704000000, 0x0000000704100000|  0%| F|  |TAMS 0x0000000704000000, 0x0000000704000000| Untracked 
|  25|0x0000000704100000, 0x0000000704100000, 0x0000000704200000|  0%| F|  |TAMS 0x0000000704100000, 0x0000000704100000| Untracked 
|  26|0x0000000704200000, 0x0000000704200000, 0x0000000704300000|  0%| F|  |TAMS 0x0000000704200000, 0x0000000704200000| Untracked 
|  27|0x0000000704300000, 0x0000000704300000, 0x0000000704400000|  0%| F|  |TAMS 0x0000000704300000, 0x0000000704300000| Untracked 
|  28|0x0000000704400000, 0x0000000704400000, 0x0000000704500000|  0%| F|  |TAMS 0x0000000704400000, 0x0000000704400000| Untracked 
|  29|0x0000000704500000, 0x0000000704500000, 0x0000000704600000|  0%| F|  |TAMS 0x0000000704500000, 0x0000000704500000| Untracked 
|  30|0x0000000704600000, 0x0000000704600000, 0x0000000704700000|  0%| F|  |TAMS 0x0000000704600000, 0x0000000704600000| Untracked 
|  31|0x0000000704700000, 0x0000000704700000, 0x0000000704800000|  0%| F|  |TAMS 0x0000000704700000, 0x0000000704700000| Untracked 
|  32|0x0000000704800000, 0x0000000704800000, 0x0000000704900000|  0%| F|  |TAMS 0x0000000704800000, 0x0000000704800000| Untracked 
|  33|0x0000000704900000, 0x0000000704900000, 0x0000000704a00000|  0%| F|  |TAMS 0x0000000704900000, 0x0000000704900000| Untracked 
|  34|0x0000000704a00000, 0x0000000704a00000, 0x0000000704b00000|  0%| F|  |TAMS 0x0000000704a00000, 0x0000000704a00000| Untracked 
|  35|0x0000000704b00000, 0x0000000704b00000, 0x0000000704c00000|  0%| F|  |TAMS 0x0000000704b00000, 0x0000000704b00000| Untracked 
|  36|0x0000000704c00000, 0x0000000704c00000, 0x0000000704d00000|  0%| F|  |TAMS 0x0000000704c00000, 0x0000000704c00000| Untracked 
|  37|0x0000000704d00000, 0x0000000704d00000, 0x0000000704e00000|  0%| F|  |TAMS 0x0000000704d00000, 0x0000000704d00000| Untracked 
|  38|0x0000000704e00000, 0x0000000704e00000, 0x0000000704f00000|  0%| F|  |TAMS 0x0000000704e00000, 0x0000000704e00000| Untracked 
|  39|0x0000000704f00000, 0x0000000704f00000, 0x0000000705000000|  0%| F|  |TAMS 0x0000000704f00000, 0x0000000704f00000| Untracked 
|  40|0x0000000705000000, 0x0000000705000000, 0x0000000705100000|  0%| F|  |TAMS 0x0000000705000000, 0x0000000705000000| Untracked 
|  41|0x0000000705100000, 0x0000000705100000, 0x0000000705200000|  0%| F|  |TAMS 0x0000000705100000, 0x0000000705100000| Untracked 
|  42|0x0000000705200000, 0x0000000705200000, 0x0000000705300000|  0%| F|  |TAMS 0x0000000705200000, 0x0000000705200000| Untracked 
|  43|0x0000000705300000, 0x0000000705300000, 0x0000000705400000|  0%| F|  |TAMS 0x0000000705300000, 0x0000000705300000| Untracked 
|  44|0x0000000705400000, 0x0000000705400000, 0x0000000705500000|  0%| F|  |TAMS 0x0000000705400000, 0x0000000705400000| Untracked 
|  45|0x0000000705500000, 0x0000000705500000, 0x0000000705600000|  0%| F|  |TAMS 0x0000000705500000, 0x0000000705500000| Untracked 
|  46|0x0000000705600000, 0x0000000705600000, 0x0000000705700000|  0%| F|  |TAMS 0x0000000705600000, 0x0000000705600000| Untracked 
|  47|0x0000000705700000, 0x0000000705700000, 0x0000000705800000|  0%| F|  |TAMS 0x0000000705700000, 0x0000000705700000| Untracked 
|  48|0x0000000705800000, 0x0000000705800000, 0x0000000705900000|  0%| F|  |TAMS 0x0000000705800000, 0x0000000705800000| Untracked 
|  49|0x0000000705900000, 0x0000000705900000, 0x0000000705a00000|  0%| F|  |TAMS 0x0000000705900000, 0x0000000705900000| Untracked 
|  50|0x0000000705a00000, 0x0000000705a00000, 0x0000000705b00000|  0%| F|  |TAMS 0x0000000705a00000, 0x0000000705a00000| Untracked 
|  51|0x0000000705b00000, 0x0000000705b00000, 0x0000000705c00000|  0%| F|  |TAMS 0x0000000705b00000, 0x0000000705b00000| Untracked 
|  52|0x0000000705c00000, 0x0000000705c00000, 0x0000000705d00000|  0%| F|  |TAMS 0x0000000705c00000, 0x0000000705c00000| Untracked 
|  53|0x0000000705d00000, 0x0000000705d00000, 0x0000000705e00000|  0%| F|  |TAMS 0x0000000705d00000, 0x0000000705d00000| Untracked 
|  54|0x0000000705e00000, 0x0000000705e00000, 0x0000000705f00000|  0%| F|  |TAMS 0x0000000705e00000, 0x0000000705e00000| Untracked 
|  55|0x0000000705f00000, 0x0000000705f00000, 0x0000000706000000|  0%| F|  |TAMS 0x0000000705f00000, 0x0000000705f00000| Untracked 
|  56|0x0000000706000000, 0x0000000706000000, 0x0000000706100000|  0%| F|  |TAMS 0x0000000706000000, 0x0000000706000000| Untracked 
|  57|0x0000000706100000, 0x0000000706100000, 0x0000000706200000|  0%| F|  |TAMS 0x0000000706100000, 0x0000000706100000| Untracked 
|  58|0x0000000706200000, 0x0000000706200000, 0x0000000706300000|  0%| F|  |TAMS 0x0000000706200000, 0x0000000706200000| Untracked 
|  59|0x0000000706300000, 0x0000000706300000, 0x0000000706400000|  0%| F|  |TAMS 0x0000000706300000, 0x0000000706300000| Untracked 
|  60|0x0000000706400000, 0x0000000706400000, 0x0000000706500000|  0%| F|  |TAMS 0x0000000706400000, 0x0000000706400000| Untracked 
|  61|0x0000000706500000, 0x0000000706500000, 0x0000000706600000|  0%| F|  |TAMS 0x0000000706500000, 0x0000000706500000| Untracked 
|  62|0x0000000706600000, 0x0000000706600000, 0x0000000706700000|  0%| F|  |TAMS 0x0000000706600000, 0x0000000706600000| Untracked 
|  63|0x0000000706700000, 0x0000000706700000, 0x0000000706800000|  0%| F|  |TAMS 0x0000000706700000, 0x0000000706700000| Untracked 
|  64|0x0000000706800000, 0x0000000706800000, 0x0000000706900000|  0%| F|  |TAMS 0x0000000706800000, 0x0000000706800000| Untracked 
|  65|0x0000000706900000, 0x0000000706900000, 0x0000000706a00000|  0%| F|  |TAMS 0x0000000706900000, 0x0000000706900000| Untracked 
|  66|0x0000000706a00000, 0x0000000706a00000, 0x0000000706b00000|  0%| F|  |TAMS 0x0000000706a00000, 0x0000000706a00000| Untracked 
|  67|0x0000000706b00000, 0x0000000706b00000, 0x0000000706c00000|  0%| F|  |TAMS 0x0000000706b00000, 0x0000000706b00000| Untracked 
|  68|0x0000000706c00000, 0x0000000706c00000, 0x0000000706d00000|  0%| F|  |TAMS 0x0000000706c00000, 0x0000000706c00000| Untracked 
|  69|0x0000000706d00000, 0x0000000706d00000, 0x0000000706e00000|  0%| F|  |TAMS 0x0000000706d00000, 0x0000000706d00000| Untracked 
|  70|0x0000000706e00000, 0x0000000706e00000, 0x0000000706f00000|  0%| F|  |TAMS 0x0000000706e00000, 0x0000000706e00000| Untracked 
|  71|0x0000000706f00000, 0x0000000706f00000, 0x0000000707000000|  0%| F|  |TAMS 0x0000000706f00000, 0x0000000706f00000| Untracked 
|  72|0x0000000707000000, 0x0000000707000000, 0x0000000707100000|  0%| F|  |TAMS 0x0000000707000000, 0x0000000707000000| Untracked 
|  73|0x0000000707100000, 0x0000000707100000, 0x0000000707200000|  0%| F|  |TAMS 0x0000000707100000, 0x0000000707100000| Untracked 
|  74|0x0000000707200000, 0x0000000707200000, 0x0000000707300000|  0%| F|  |TAMS 0x0000000707200000, 0x0000000707200000| Untracked 
|  75|0x0000000707300000, 0x0000000707300000, 0x0000000707400000|  0%| F|  |TAMS 0x0000000707300000, 0x0000000707300000| Untracked 
|  76|0x0000000707400000, 0x0000000707400000, 0x0000000707500000|  0%| F|  |TAMS 0x0000000707400000, 0x0000000707400000| Untracked 
|  77|0x0000000707500000, 0x0000000707500000, 0x0000000707600000|  0%| F|  |TAMS 0x0000000707500000, 0x0000000707500000| Untracked 
|  78|0x0000000707600000, 0x0000000707600000, 0x0000000707700000|  0%| F|  |TAMS 0x0000000707600000, 0x0000000707600000| Untracked 
|  79|0x0000000707700000, 0x0000000707700000, 0x0000000707800000|  0%| F|  |TAMS 0x0000000707700000, 0x0000000707700000| Untracked 
|  80|0x0000000707800000, 0x0000000707800000, 0x0000000707900000|  0%| F|  |TAMS 0x0000000707800000, 0x0000000707800000| Untracked 
|  81|0x0000000707900000, 0x0000000707900000, 0x0000000707a00000|  0%| F|  |TAMS 0x0000000707900000, 0x0000000707900000| Untracked 
|  82|0x0000000707a00000, 0x0000000707a00000, 0x0000000707b00000|  0%| F|  |TAMS 0x0000000707a00000, 0x0000000707a00000| Untracked 
|  83|0x0000000707b00000, 0x0000000707b00000, 0x0000000707c00000|  0%| F|  |TAMS 0x0000000707b00000, 0x0000000707b00000| Untracked 
|  84|0x0000000707c00000, 0x0000000707c00000, 0x0000000707d00000|  0%| F|  |TAMS 0x0000000707c00000, 0x0000000707c00000| Untracked 
|  85|0x0000000707d00000, 0x0000000707d00000, 0x0000000707e00000|  0%| F|  |TAMS 0x0000000707d00000, 0x0000000707d00000| Untracked 
|  86|0x0000000707e00000, 0x0000000707e00000, 0x0000000707f00000|  0%| F|  |TAMS 0x0000000707e00000, 0x0000000707e00000| Untracked 
|  87|0x0000000707f00000, 0x0000000707f00000, 0x0000000708000000|  0%| F|  |TAMS 0x0000000707f00000, 0x0000000707f00000| Untracked 
|  88|0x0000000708000000, 0x0000000708000000, 0x0000000708100000|  0%| F|  |TAMS 0x0000000708000000, 0x0000000708000000| Untracked 
|  89|0x0000000708100000, 0x0000000708100000, 0x0000000708200000|  0%| F|  |TAMS 0x0000000708100000, 0x0000000708100000| Untracked 
|  90|0x0000000708200000, 0x0000000708200000, 0x0000000708300000|  0%| F|  |TAMS 0x0000000708200000, 0x0000000708200000| Untracked 
|  91|0x0000000708300000, 0x0000000708300000, 0x0000000708400000|  0%| F|  |TAMS 0x0000000708300000, 0x0000000708300000| Untracked 
|  92|0x0000000708400000, 0x0000000708400000, 0x0000000708500000|  0%| F|  |TAMS 0x0000000708400000, 0x0000000708400000| Untracked 
|  93|0x0000000708500000, 0x0000000708500000, 0x0000000708600000|  0%| F|  |TAMS 0x0000000708500000, 0x0000000708500000| Untracked 
|  94|0x0000000708600000, 0x0000000708600000, 0x0000000708700000|  0%| F|  |TAMS 0x0000000708600000, 0x0000000708600000| Untracked 
|  95|0x0000000708700000, 0x0000000708700000, 0x0000000708800000|  0%| F|  |TAMS 0x0000000708700000, 0x0000000708700000| Untracked 
|  96|0x0000000708800000, 0x0000000708800000, 0x0000000708900000|  0%| F|  |TAMS 0x0000000708800000, 0x0000000708800000| Untracked 
|  97|0x0000000708900000, 0x0000000708900000, 0x0000000708a00000|  0%| F|  |TAMS 0x0000000708900000, 0x0000000708900000| Untracked 
|  98|0x0000000708a00000, 0x0000000708a00000, 0x0000000708b00000|  0%| F|  |TAMS 0x0000000708a00000, 0x0000000708a00000| Untracked 
|  99|0x0000000708b00000, 0x0000000708b00000, 0x0000000708c00000|  0%| F|  |TAMS 0x0000000708b00000, 0x0000000708b00000| Untracked 
| 100|0x0000000708c00000, 0x0000000708c00000, 0x0000000708d00000|  0%| F|  |TAMS 0x0000000708c00000, 0x0000000708c00000| Untracked 
| 101|0x0000000708d00000, 0x0000000708d00000, 0x0000000708e00000|  0%| F|  |TAMS 0x0000000708d00000, 0x0000000708d00000| Untracked 
| 102|0x0000000708e00000, 0x0000000708e00000, 0x0000000708f00000|  0%| F|  |TAMS 0x0000000708e00000, 0x0000000708e00000| Untracked 
| 103|0x0000000708f00000, 0x0000000708f00000, 0x0000000709000000|  0%| F|  |TAMS 0x0000000708f00000, 0x0000000708f00000| Untracked 
| 104|0x0000000709000000, 0x0000000709000000, 0x0000000709100000|  0%| F|  |TAMS 0x0000000709000000, 0x0000000709000000| Untracked 
| 105|0x0000000709100000, 0x0000000709100000, 0x0000000709200000|  0%| F|  |TAMS 0x0000000709100000, 0x0000000709100000| Untracked 
| 106|0x0000000709200000, 0x0000000709200000, 0x0000000709300000|  0%| F|  |TAMS 0x0000000709200000, 0x0000000709200000| Untracked 
| 107|0x0000000709300000, 0x0000000709300000, 0x0000000709400000|  0%| F|  |TAMS 0x0000000709300000, 0x0000000709300000| Untracked 
| 108|0x0000000709400000, 0x0000000709400000, 0x0000000709500000|  0%| F|  |TAMS 0x0000000709400000, 0x0000000709400000| Untracked 
| 109|0x0000000709500000, 0x0000000709500000, 0x0000000709600000|  0%| F|  |TAMS 0x0000000709500000, 0x0000000709500000| Untracked 
| 110|0x0000000709600000, 0x0000000709600000, 0x0000000709700000|  0%| F|  |TAMS 0x0000000709600000, 0x0000000709600000| Untracked 
| 111|0x0000000709700000, 0x0000000709700000, 0x0000000709800000|  0%| F|  |TAMS 0x0000000709700000, 0x0000000709700000| Untracked 
| 112|0x0000000709800000, 0x0000000709800000, 0x0000000709900000|  0%| F|  |TAMS 0x0000000709800000, 0x0000000709800000| Untracked 
| 113|0x0000000709900000, 0x0000000709900000, 0x0000000709a00000|  0%| F|  |TAMS 0x0000000709900000, 0x0000000709900000| Untracked 
| 114|0x0000000709a00000, 0x0000000709a00000, 0x0000000709b00000|  0%| F|  |TAMS 0x0000000709a00000, 0x0000000709a00000| Untracked 
| 115|0x0000000709b00000, 0x0000000709b00000, 0x0000000709c00000|  0%| F|  |TAMS 0x0000000709b00000, 0x0000000709b00000| Untracked 
| 116|0x0000000709c00000, 0x0000000709c00000, 0x0000000709d00000|  0%| F|  |TAMS 0x0000000709c00000, 0x0000000709c00000| Untracked 
| 117|0x0000000709d00000, 0x0000000709d00000, 0x0000000709e00000|  0%| F|  |TAMS 0x0000000709d00000, 0x0000000709d00000| Untracked 
| 118|0x0000000709e00000, 0x0000000709e00000, 0x0000000709f00000|  0%| F|  |TAMS 0x0000000709e00000, 0x0000000709e00000| Untracked 
| 119|0x0000000709f00000, 0x0000000709f00000, 0x000000070a000000|  0%| F|  |TAMS 0x0000000709f00000, 0x0000000709f00000| Untracked 
| 120|0x000000070a000000, 0x000000070a000000, 0x000000070a100000|  0%| F|  |TAMS 0x000000070a000000, 0x000000070a000000| Untracked 
| 121|0x000000070a100000, 0x000000070a100000, 0x000000070a200000|  0%| F|  |TAMS 0x000000070a100000, 0x000000070a100000| Untracked 
| 122|0x000000070a200000, 0x000000070a200000, 0x000000070a300000|  0%| F|  |TAMS 0x000000070a200000, 0x000000070a200000| Untracked 
| 123|0x000000070a300000, 0x000000070a300000, 0x000000070a400000|  0%| F|  |TAMS 0x000000070a300000, 0x000000070a300000| Untracked 
| 124|0x000000070a400000, 0x000000070a400000, 0x000000070a500000|  0%| F|  |TAMS 0x000000070a400000, 0x000000070a400000| Untracked 
| 125|0x000000070a500000, 0x000000070a500000, 0x000000070a600000|  0%| F|  |TAMS 0x000000070a500000, 0x000000070a500000| Untracked 
| 126|0x000000070a600000, 0x000000070a600000, 0x000000070a700000|  0%| F|  |TAMS 0x000000070a600000, 0x000000070a600000| Untracked 
| 127|0x000000070a700000, 0x000000070a700000, 0x000000070a800000|  0%| F|  |TAMS 0x000000070a700000, 0x000000070a700000| Untracked 
| 128|0x000000070a800000, 0x000000070a800000, 0x000000070a900000|  0%| F|  |TAMS 0x000000070a800000, 0x000000070a800000| Untracked 
| 129|0x000000070a900000, 0x000000070a900000, 0x000000070aa00000|  0%| F|  |TAMS 0x000000070a900000, 0x000000070a900000| Untracked 
| 130|0x000000070aa00000, 0x000000070aa00000, 0x000000070ab00000|  0%| F|  |TAMS 0x000000070aa00000, 0x000000070aa00000| Untracked 
| 131|0x000000070ab00000, 0x000000070ab00000, 0x000000070ac00000|  0%| F|  |TAMS 0x000000070ab00000, 0x000000070ab00000| Untracked 
| 132|0x000000070ac00000, 0x000000070ac00000, 0x000000070ad00000|  0%| F|  |TAMS 0x000000070ac00000, 0x000000070ac00000| Untracked 
| 133|0x000000070ad00000, 0x000000070ad00000, 0x000000070ae00000|  0%| F|  |TAMS 0x000000070ad00000, 0x000000070ad00000| Untracked 
| 134|0x000000070ae00000, 0x000000070ae00000, 0x000000070af00000|  0%| F|  |TAMS 0x000000070ae00000, 0x000000070ae00000| Untracked 
| 135|0x000000070af00000, 0x000000070af00000, 0x000000070b000000|  0%| F|  |TAMS 0x000000070af00000, 0x000000070af00000| Untracked 
| 136|0x000000070b000000, 0x000000070b000000, 0x000000070b100000|  0%| F|  |TAMS 0x000000070b000000, 0x000000070b000000| Untracked 
| 137|0x000000070b100000, 0x000000070b100000, 0x000000070b200000|  0%| F|  |TAMS 0x000000070b100000, 0x000000070b100000| Untracked 
| 138|0x000000070b200000, 0x000000070b200000, 0x000000070b300000|  0%| F|  |TAMS 0x000000070b200000, 0x000000070b200000| Untracked 
| 139|0x000000070b300000, 0x000000070b300000, 0x000000070b400000|  0%| F|  |TAMS 0x000000070b300000, 0x000000070b300000| Untracked 
| 140|0x000000070b400000, 0x000000070b400000, 0x000000070b500000|  0%| F|  |TAMS 0x000000070b400000, 0x000000070b400000| Untracked 
| 141|0x000000070b500000, 0x000000070b500000, 0x000000070b600000|  0%| F|  |TAMS 0x000000070b500000, 0x000000070b500000| Untracked 
| 142|0x000000070b600000, 0x000000070b600000, 0x000000070b700000|  0%| F|  |TAMS 0x000000070b600000, 0x000000070b600000| Untracked 
| 143|0x000000070b700000, 0x000000070b700000, 0x000000070b800000|  0%| F|  |TAMS 0x000000070b700000, 0x000000070b700000| Untracked 
| 144|0x000000070b800000, 0x000000070b800000, 0x000000070b900000|  0%| F|  |TAMS 0x000000070b800000, 0x000000070b800000| Untracked 
| 145|0x000000070b900000, 0x000000070b900000, 0x000000070ba00000|  0%| F|  |TAMS 0x000000070b900000, 0x000000070b900000| Untracked 
| 146|0x000000070ba00000, 0x000000070ba00000, 0x000000070bb00000|  0%| F|  |TAMS 0x000000070ba00000, 0x000000070ba00000| Untracked 
| 147|0x000000070bb00000, 0x000000070bb00000, 0x000000070bc00000|  0%| F|  |TAMS 0x000000070bb00000, 0x000000070bb00000| Untracked 
| 148|0x000000070bc00000, 0x000000070bc00000, 0x000000070bd00000|  0%| F|  |TAMS 0x000000070bc00000, 0x000000070bc00000| Untracked 
| 149|0x000000070bd00000, 0x000000070bd00000, 0x000000070be00000|  0%| F|  |TAMS 0x000000070bd00000, 0x000000070bd00000| Untracked 
| 150|0x000000070be00000, 0x000000070be00000, 0x000000070bf00000|  0%| F|  |TAMS 0x000000070be00000, 0x000000070be00000| Untracked 
| 151|0x000000070bf00000, 0x000000070bf00000, 0x000000070c000000|  0%| F|  |TAMS 0x000000070bf00000, 0x000000070bf00000| Untracked 
| 152|0x000000070c000000, 0x000000070c000000, 0x000000070c100000|  0%| F|  |TAMS 0x000000070c000000, 0x000000070c000000| Untracked 
| 153|0x000000070c100000, 0x000000070c100000, 0x000000070c200000|  0%| F|  |TAMS 0x000000070c100000, 0x000000070c100000| Untracked 
| 154|0x000000070c200000, 0x000000070c200000, 0x000000070c300000|  0%| F|  |TAMS 0x000000070c200000, 0x000000070c200000| Untracked 
| 155|0x000000070c300000, 0x000000070c300000, 0x000000070c400000|  0%| F|  |TAMS 0x000000070c300000, 0x000000070c300000| Untracked 
| 156|0x000000070c400000, 0x000000070c400000, 0x000000070c500000|  0%| F|  |TAMS 0x000000070c400000, 0x000000070c400000| Untracked 
| 157|0x000000070c500000, 0x000000070c500000, 0x000000070c600000|  0%| F|  |TAMS 0x000000070c500000, 0x000000070c500000| Untracked 
| 158|0x000000070c600000, 0x000000070c600000, 0x000000070c700000|  0%| F|  |TAMS 0x000000070c600000, 0x000000070c600000| Untracked 
| 159|0x000000070c700000, 0x000000070c700000, 0x000000070c800000|  0%| F|  |TAMS 0x000000070c700000, 0x000000070c700000| Untracked 
| 160|0x000000070c800000, 0x000000070c800000, 0x000000070c900000|  0%| F|  |TAMS 0x000000070c800000, 0x000000070c800000| Untracked 
| 161|0x000000070c900000, 0x000000070c900000, 0x000000070ca00000|  0%| F|  |TAMS 0x000000070c900000, 0x000000070c900000| Untracked 
| 162|0x000000070ca00000, 0x000000070ca00000, 0x000000070cb00000|  0%| F|  |TAMS 0x000000070ca00000, 0x000000070ca00000| Untracked 
| 163|0x000000070cb00000, 0x000000070cb00000, 0x000000070cc00000|  0%| F|  |TAMS 0x000000070cb00000, 0x000000070cb00000| Untracked 
| 164|0x000000070cc00000, 0x000000070cc00000, 0x000000070cd00000|  0%| F|  |TAMS 0x000000070cc00000, 0x000000070cc00000| Untracked 
| 165|0x000000070cd00000, 0x000000070cd00000, 0x000000070ce00000|  0%| F|  |TAMS 0x000000070cd00000, 0x000000070cd00000| Untracked 
| 166|0x000000070ce00000, 0x000000070ce00000, 0x000000070cf00000|  0%| F|  |TAMS 0x000000070ce00000, 0x000000070ce00000| Untracked 
| 167|0x000000070cf00000, 0x000000070cf00000, 0x000000070d000000|  0%| F|  |TAMS 0x000000070cf00000, 0x000000070cf00000| Untracked 
| 168|0x000000070d000000, 0x000000070d000000, 0x000000070d100000|  0%| F|  |TAMS 0x000000070d000000, 0x000000070d000000| Untracked 
| 169|0x000000070d100000, 0x000000070d100000, 0x000000070d200000|  0%| F|  |TAMS 0x000000070d100000, 0x000000070d100000| Untracked 
| 170|0x000000070d200000, 0x000000070d200000, 0x000000070d300000|  0%| F|  |TAMS 0x000000070d200000, 0x000000070d200000| Untracked 
| 171|0x000000070d300000, 0x000000070d300000, 0x000000070d400000|  0%| F|  |TAMS 0x000000070d300000, 0x000000070d300000| Untracked 
| 172|0x000000070d400000, 0x000000070d400000, 0x000000070d500000|  0%| F|  |TAMS 0x000000070d400000, 0x000000070d400000| Untracked 
| 173|0x000000070d500000, 0x000000070d500000, 0x000000070d600000|  0%| F|  |TAMS 0x000000070d500000, 0x000000070d500000| Untracked 
| 174|0x000000070d600000, 0x000000070d600000, 0x000000070d700000|  0%| F|  |TAMS 0x000000070d600000, 0x000000070d600000| Untracked 
| 175|0x000000070d700000, 0x000000070d700000, 0x000000070d800000|  0%| F|  |TAMS 0x000000070d700000, 0x000000070d700000| Untracked 
| 176|0x000000070d800000, 0x000000070d800000, 0x000000070d900000|  0%| F|  |TAMS 0x000000070d800000, 0x000000070d800000| Untracked 
| 177|0x000000070d900000, 0x000000070d900000, 0x000000070da00000|  0%| F|  |TAMS 0x000000070d900000, 0x000000070d900000| Untracked 
| 178|0x000000070da00000, 0x000000070da00000, 0x000000070db00000|  0%| F|  |TAMS 0x000000070da00000, 0x000000070da00000| Untracked 
| 179|0x000000070db00000, 0x000000070db00000, 0x000000070dc00000|  0%| F|  |TAMS 0x000000070db00000, 0x000000070db00000| Untracked 
| 180|0x000000070dc00000, 0x000000070dc00000, 0x000000070dd00000|  0%| F|  |TAMS 0x000000070dc00000, 0x000000070dc00000| Untracked 
| 181|0x000000070dd00000, 0x000000070dd00000, 0x000000070de00000|  0%| F|  |TAMS 0x000000070dd00000, 0x000000070dd00000| Untracked 
| 182|0x000000070de00000, 0x000000070de00000, 0x000000070df00000|  0%| F|  |TAMS 0x000000070de00000, 0x000000070de00000| Untracked 
| 183|0x000000070df00000, 0x000000070df00000, 0x000000070e000000|  0%| F|  |TAMS 0x000000070df00000, 0x000000070df00000| Untracked 
| 184|0x000000070e000000, 0x000000070e000000, 0x000000070e100000|  0%| F|  |TAMS 0x000000070e000000, 0x000000070e000000| Untracked 
| 185|0x000000070e100000, 0x000000070e100000, 0x000000070e200000|  0%| F|  |TAMS 0x000000070e100000, 0x000000070e100000| Untracked 
| 186|0x000000070e200000, 0x000000070e200000, 0x000000070e300000|  0%| F|  |TAMS 0x000000070e200000, 0x000000070e200000| Untracked 
| 187|0x000000070e300000, 0x000000070e300000, 0x000000070e400000|  0%| F|  |TAMS 0x000000070e300000, 0x000000070e300000| Untracked 
| 188|0x000000070e400000, 0x000000070e400000, 0x000000070e500000|  0%| F|  |TAMS 0x000000070e400000, 0x000000070e400000| Untracked 
| 189|0x000000070e500000, 0x000000070e500000, 0x000000070e600000|  0%| F|  |TAMS 0x000000070e500000, 0x000000070e500000| Untracked 
| 190|0x000000070e600000, 0x000000070e600000, 0x000000070e700000|  0%| F|  |TAMS 0x000000070e600000, 0x000000070e600000| Untracked 
| 191|0x000000070e700000, 0x000000070e700000, 0x000000070e800000|  0%| F|  |TAMS 0x000000070e700000, 0x000000070e700000| Untracked 
| 192|0x000000070e800000, 0x000000070e800000, 0x000000070e900000|  0%| F|  |TAMS 0x000000070e800000, 0x000000070e800000| Untracked 
| 193|0x000000070e900000, 0x000000070e900000, 0x000000070ea00000|  0%| F|  |TAMS 0x000000070e900000, 0x000000070e900000| Untracked 
| 194|0x000000070ea00000, 0x000000070ea00000, 0x000000070eb00000|  0%| F|  |TAMS 0x000000070ea00000, 0x000000070ea00000| Untracked 
| 195|0x000000070eb00000, 0x000000070eb00000, 0x000000070ec00000|  0%| F|  |TAMS 0x000000070eb00000, 0x000000070eb00000| Untracked 
| 196|0x000000070ec00000, 0x000000070ec00000, 0x000000070ed00000|  0%| F|  |TAMS 0x000000070ec00000, 0x000000070ec00000| Untracked 
| 197|0x000000070ed00000, 0x000000070ed00000, 0x000000070ee00000|  0%| F|  |TAMS 0x000000070ed00000, 0x000000070ed00000| Untracked 
| 198|0x000000070ee00000, 0x000000070ee00000, 0x000000070ef00000|  0%| F|  |TAMS 0x000000070ee00000, 0x000000070ee00000| Untracked 
| 199|0x000000070ef00000, 0x000000070ef00000, 0x000000070f000000|  0%| F|  |TAMS 0x000000070ef00000, 0x000000070ef00000| Untracked 
| 200|0x000000070f000000, 0x000000070f000000, 0x000000070f100000|  0%| F|  |TAMS 0x000000070f000000, 0x000000070f000000| Untracked 
| 201|0x000000070f100000, 0x000000070f100000, 0x000000070f200000|  0%| F|  |TAMS 0x000000070f100000, 0x000000070f100000| Untracked 
| 202|0x000000070f200000, 0x000000070f200000, 0x000000070f300000|  0%| F|  |TAMS 0x000000070f200000, 0x000000070f200000| Untracked 
| 203|0x000000070f300000, 0x000000070f300000, 0x000000070f400000|  0%| F|  |TAMS 0x000000070f300000, 0x000000070f300000| Untracked 
| 204|0x000000070f400000, 0x000000070f400000, 0x000000070f500000|  0%| F|  |TAMS 0x000000070f400000, 0x000000070f400000| Untracked 
| 205|0x000000070f500000, 0x000000070f500000, 0x000000070f600000|  0%| F|  |TAMS 0x000000070f500000, 0x000000070f500000| Untracked 
| 206|0x000000070f600000, 0x000000070f600000, 0x000000070f700000|  0%| F|  |TAMS 0x000000070f600000, 0x000000070f600000| Untracked 
| 207|0x000000070f700000, 0x000000070f700000, 0x000000070f800000|  0%| F|  |TAMS 0x000000070f700000, 0x000000070f700000| Untracked 
| 208|0x000000070f800000, 0x000000070f800000, 0x000000070f900000|  0%| F|  |TAMS 0x000000070f800000, 0x000000070f800000| Untracked 
| 209|0x000000070f900000, 0x000000070f900000, 0x000000070fa00000|  0%| F|  |TAMS 0x000000070f900000, 0x000000070f900000| Untracked 
| 210|0x000000070fa00000, 0x000000070fa00000, 0x000000070fb00000|  0%| F|  |TAMS 0x000000070fa00000, 0x000000070fa00000| Untracked 
| 211|0x000000070fb00000, 0x000000070fb00000, 0x000000070fc00000|  0%| F|  |TAMS 0x000000070fb00000, 0x000000070fb00000| Untracked 
| 212|0x000000070fc00000, 0x000000070fc00000, 0x000000070fd00000|  0%| F|  |TAMS 0x000000070fc00000, 0x000000070fc00000| Untracked 
| 213|0x000000070fd00000, 0x000000070fd00000, 0x000000070fe00000|  0%| F|  |TAMS 0x000000070fd00000, 0x000000070fd00000| Untracked 
| 214|0x000000070fe00000, 0x000000070fe00000, 0x000000070ff00000|  0%| F|  |TAMS 0x000000070fe00000, 0x000000070fe00000| Untracked 
| 215|0x000000070ff00000, 0x000000070ff00000, 0x0000000710000000|  0%| F|  |TAMS 0x000000070ff00000, 0x000000070ff00000| Untracked 
| 216|0x0000000710000000, 0x0000000710000000, 0x0000000710100000|  0%| F|  |TAMS 0x0000000710000000, 0x0000000710000000| Untracked 
| 217|0x0000000710100000, 0x0000000710100000, 0x0000000710200000|  0%| F|  |TAMS 0x0000000710100000, 0x0000000710100000| Untracked 
| 218|0x0000000710200000, 0x0000000710200000, 0x0000000710300000|  0%| F|  |TAMS 0x0000000710200000, 0x0000000710200000| Untracked 
| 219|0x0000000710300000, 0x0000000710300000, 0x0000000710400000|  0%| F|  |TAMS 0x0000000710300000, 0x0000000710300000| Untracked 
| 220|0x0000000710400000, 0x0000000710400000, 0x0000000710500000|  0%| F|  |TAMS 0x0000000710400000, 0x0000000710400000| Untracked 
| 221|0x0000000710500000, 0x0000000710500000, 0x0000000710600000|  0%| F|  |TAMS 0x0000000710500000, 0x0000000710500000| Untracked 
| 222|0x0000000710600000, 0x0000000710600000, 0x0000000710700000|  0%| F|  |TAMS 0x0000000710600000, 0x0000000710600000| Untracked 
| 223|0x0000000710700000, 0x0000000710700000, 0x0000000710800000|  0%| F|  |TAMS 0x0000000710700000, 0x0000000710700000| Untracked 
| 224|0x0000000710800000, 0x0000000710800000, 0x0000000710900000|  0%| F|  |TAMS 0x0000000710800000, 0x0000000710800000| Untracked 
| 225|0x0000000710900000, 0x0000000710900000, 0x0000000710a00000|  0%| F|  |TAMS 0x0000000710900000, 0x0000000710900000| Untracked 
| 226|0x0000000710a00000, 0x0000000710a00000, 0x0000000710b00000|  0%| F|  |TAMS 0x0000000710a00000, 0x0000000710a00000| Untracked 
| 227|0x0000000710b00000, 0x0000000710b00000, 0x0000000710c00000|  0%| F|  |TAMS 0x0000000710b00000, 0x0000000710b00000| Untracked 
| 228|0x0000000710c00000, 0x0000000710c00000, 0x0000000710d00000|  0%| F|  |TAMS 0x0000000710c00000, 0x0000000710c00000| Untracked 
| 229|0x0000000710d00000, 0x0000000710d00000, 0x0000000710e00000|  0%| F|  |TAMS 0x0000000710d00000, 0x0000000710d00000| Untracked 
| 230|0x0000000710e00000, 0x0000000710e00000, 0x0000000710f00000|  0%| F|  |TAMS 0x0000000710e00000, 0x0000000710e00000| Untracked 
| 231|0x0000000710f00000, 0x0000000710f00000, 0x0000000711000000|  0%| F|  |TAMS 0x0000000710f00000, 0x0000000710f00000| Untracked 
| 232|0x0000000711000000, 0x0000000711000000, 0x0000000711100000|  0%| F|  |TAMS 0x0000000711000000, 0x0000000711000000| Untracked 
| 233|0x0000000711100000, 0x0000000711100000, 0x0000000711200000|  0%| F|  |TAMS 0x0000000711100000, 0x0000000711100000| Untracked 
| 234|0x0000000711200000, 0x0000000711200000, 0x0000000711300000|  0%| F|  |TAMS 0x0000000711200000, 0x0000000711200000| Untracked 
| 235|0x0000000711300000, 0x0000000711300000, 0x0000000711400000|  0%| F|  |TAMS 0x0000000711300000, 0x0000000711300000| Untracked 
| 236|0x0000000711400000, 0x0000000711400000, 0x0000000711500000|  0%| F|  |TAMS 0x0000000711400000, 0x0000000711400000| Untracked 
| 237|0x0000000711500000, 0x0000000711500000, 0x0000000711600000|  0%| F|  |TAMS 0x0000000711500000, 0x0000000711500000| Untracked 
| 238|0x0000000711600000, 0x0000000711600000, 0x0000000711700000|  0%| F|  |TAMS 0x0000000711600000, 0x0000000711600000| Untracked 
| 239|0x0000000711700000, 0x0000000711700000, 0x0000000711800000|  0%| F|  |TAMS 0x0000000711700000, 0x0000000711700000| Untracked 
| 240|0x0000000711800000, 0x0000000711800000, 0x0000000711900000|  0%| F|  |TAMS 0x0000000711800000, 0x0000000711800000| Untracked 
| 241|0x0000000711900000, 0x0000000711900000, 0x0000000711a00000|  0%| F|  |TAMS 0x0000000711900000, 0x0000000711900000| Untracked 
| 242|0x0000000711a00000, 0x0000000711af6458, 0x0000000711b00000| 96%| E|  |TAMS 0x0000000711a00000, 0x0000000711a00000| Complete 
| 243|0x0000000711b00000, 0x0000000711c00000, 0x0000000711c00000|100%| E|CS|TAMS 0x0000000711b00000, 0x0000000711b00000| Complete 
| 244|0x0000000711c00000, 0x0000000711d00000, 0x0000000711d00000|100%| E|CS|TAMS 0x0000000711c00000, 0x0000000711c00000| Complete 
| 245|0x0000000711d00000, 0x0000000711e00000, 0x0000000711e00000|100%| E|CS|TAMS 0x0000000711d00000, 0x0000000711d00000| Complete 
| 246|0x0000000711e00000, 0x0000000711f00000, 0x0000000711f00000|100%| E|  |TAMS 0x0000000711e00000, 0x0000000711e00000| Complete 
| 247|0x0000000711f00000, 0x0000000712000000, 0x0000000712000000|100%| E|CS|TAMS 0x0000000711f00000, 0x0000000711f00000| Complete 
| 248|0x0000000712000000, 0x0000000712100000, 0x0000000712100000|100%| E|CS|TAMS 0x0000000712000000, 0x0000000712000000| Complete 
| 249|0x0000000712100000, 0x0000000712200000, 0x0000000712200000|100%| E|CS|TAMS 0x0000000712100000, 0x0000000712100000| Complete 
| 250|0x0000000712200000, 0x0000000712300000, 0x0000000712300000|100%| E|CS|TAMS 0x0000000712200000, 0x0000000712200000| Complete 
| 251|0x0000000712300000, 0x0000000712400000, 0x0000000712400000|100%| E|CS|TAMS 0x0000000712300000, 0x0000000712300000| Complete 
| 252|0x0000000712400000, 0x0000000712500000, 0x0000000712500000|100%| E|CS|TAMS 0x0000000712400000, 0x0000000712400000| Complete 
| 253|0x0000000712500000, 0x0000000712600000, 0x0000000712600000|100%| E|CS|TAMS 0x0000000712500000, 0x0000000712500000| Complete 

Card table byte_map: [0x000002463b910000,0x000002463c100000] _byte_map_base: 0x00000246380fc000

Marking Bits (Prev, Next): (CMBitMap*) 0x00000246231d6638, (CMBitMap*) 0x00000246231d6670
 Prev Bits: [0x000002463c8f0000, 0x0000024640850000)
 Next Bits: [0x0000024640850000, 0x00000246447b0000)

Polling page: 0x00000246210d0000

Metaspace:

Usage:
  Non-class:      9.15 MB capacity,     8.99 MB ( 98%) used,   152.12 KB (  2%) free+waste,    12.88 KB ( <1%) overhead. 
      Class:    857.00 KB capacity,   806.20 KB ( 94%) used,    44.98 KB (  5%) free+waste,     5.81 KB ( <1%) overhead. 
       Both:      9.99 MB capacity,     9.78 MB ( 98%) used,   197.10 KB (  2%) free+waste,    18.69 KB ( <1%) overhead. 

Virtual space:
  Non-class space:       10.00 MB reserved,       9.25 MB ( 93%) committed 
      Class space:        1.00 GB reserved,     896.00 KB ( <1%) committed 
             Both:        1.01 GB reserved,      10.13 MB ( <1%) committed 

Chunk freelists:
   Non-Class:  37.00 KB
       Class:  7.00 KB
        Both:  44.00 KB

MaxMetaspaceSize: 17179869184.00 GB
CompressedClassSpaceSize: 1.00 GB
Initial GC threshold: 20.80 MB
Current GC threshold: 20.80 MB
CDS: off

CodeHeap 'non-profiled nmethods': size=119168Kb used=196Kb max_used=196Kb free=118971Kb
 bounds [0x0000024633430000, 0x00000246336a0000, 0x000002463a890000]
CodeHeap 'profiled nmethods': size=119168Kb used=987Kb max_used=987Kb free=118180Kb
 bounds [0x000002462bfd0000, 0x000002462c240000, 0x0000024633430000]
CodeHeap 'non-nmethods': size=7424Kb used=1617Kb max_used=2715Kb free=5806Kb
 bounds [0x000002462b890000, 0x000002462bb40000, 0x000002462bfd0000]
 total_blobs=1550 nmethods=640 adapters=831
 compilation: enabled
              stopped_count=0, restarted_count=0
 full_count=0

Compilation events (20 events):
Event: 737.100 Thread 0x000002464820b000 nmethod 628 0x000002463345f290 code [0x000002463345f420, 0x000002463345f4f8]
Event: 737.100 Thread 0x000002464820c800  629   !   3       jdk.internal.loader.URLClassPath$JarLoader::getResource (65 bytes)
Event: 737.101 Thread 0x000002464820c800 nmethod 629 0x000002462c0c0c10 code [0x000002462c0c0e80, 0x000002462c0c1908]
Event: 737.102 Thread 0x000002464820c800  631       3       java.util.jar.JarFile::maybeInstantiateVerifier (112 bytes)
Event: 737.103 Thread 0x000002464820c800 nmethod 631 0x000002462c0c1c90 code [0x000002462c0c1fe0, 0x000002462c0c3218]
Event: 737.103 Thread 0x000002464820c800  632       3       java.lang.StringCoding::encodeUTF8 (132 bytes)
Event: 737.103 Thread 0x000002464820b000  636       4       java.lang.String::startsWith (138 bytes)
Event: 737.103 Thread 0x000002464820c800 nmethod 632 0x000002462c0c3910 code [0x000002462c0c3b60, 0x000002462c0c44d8]
Event: 737.103 Thread 0x000002464820c800  633       3       java.lang.ref.PhantomReference::<init> (7 bytes)
Event: 737.103 Thread 0x000002464820c800 nmethod 633 0x000002462c0c4890 code [0x000002462c0c4a60, 0x000002462c0c4d38]
Event: 737.103 Thread 0x000002464820c800  634       3       java.lang.String::toLowerCase (8 bytes)
Event: 737.103 Thread 0x000002464820c800 nmethod 634 0x000002462c0c4e10 code [0x000002462c0c5000, 0x000002462c0c5398]
Event: 737.103 Thread 0x000002464820c800  635       3       java.util.Locale::getDefault (4 bytes)
Event: 737.103 Thread 0x000002464820c800 nmethod 635 0x000002462c0c5510 code [0x000002462c0c56c0, 0x000002462c0c57b8]
Event: 737.103 Thread 0x000002464820c800  638       3       java.lang.String::indexOf (18 bytes)
Event: 737.104 Thread 0x000002464820c800 nmethod 638 0x000002462c0c5810 code [0x000002462c0c59e0, 0x000002462c0c5ca8]
Event: 737.104 Thread 0x000002464820c800  639       3       java.lang.String::indexOf (113 bytes)
Event: 737.104 Thread 0x000002464820c800 nmethod 639 0x000002462c0c5e10 code [0x000002462c0c60a0, 0x000002462c0c6ae8]
Event: 737.104 Thread 0x000002464820c800  640       1       java.net.URLStreamHandler::getDefaultPort (2 bytes)
Event: 737.104 Thread 0x000002464820c800 nmethod 640 0x000002463345fb10 code [0x000002463345fcc0, 0x000002463345fd78]

GC Heap History (0 events):
No events

Deoptimization events (20 events):
Event: 0.155 Thread 0x0000024623170800 Uncommon trap: trap_request=0xffffffde fr.pc=0x000002463343f0d8 relative=0x0000000000000e58
Event: 0.155 Thread 0x0000024623170800 Uncommon trap: reason=class_check action=maybe_recompile pc=0x000002463343f0d8 method=java.util.HashMap.putVal(ILjava/lang/Object;Ljava/lang/Object;ZZ)Ljava/lang/Object; @ 152 c2
Event: 0.155 Thread 0x0000024623170800 DEOPT PACKING pc=0x000002463343f0d8 sp=0x000000e27c1fa900
Event: 0.155 Thread 0x0000024623170800 DEOPT UNPACKING pc=0x000002462b8da1af sp=0x000000e27c1fa8a0 mode 2
Event: 0.180 Thread 0x0000024623170800 Uncommon trap: trap_request=0xffffffc6 fr.pc=0x000002463343aa94 relative=0x0000000000000074
Event: 0.180 Thread 0x0000024623170800 Uncommon trap: reason=bimorphic_or_optimized_type_check action=maybe_recompile pc=0x000002463343aa94 method=java.util.AbstractCollection.isEmpty()Z @ 1 c2
Event: 0.180 Thread 0x0000024623170800 DEOPT PACKING pc=0x000002463343aa94 sp=0x000000e27c1fae90
Event: 0.180 Thread 0x0000024623170800 DEOPT UNPACKING pc=0x000002462b8da1af sp=0x000000e27c1fae30 mode 2
Event: 0.180 Thread 0x0000024623170800 Uncommon trap: trap_request=0xffffffc6 fr.pc=0x000002463343aa94 relative=0x0000000000000074
Event: 0.180 Thread 0x0000024623170800 Uncommon trap: reason=bimorphic_or_optimized_type_check action=maybe_recompile pc=0x000002463343aa94 method=java.util.AbstractCollection.isEmpty()Z @ 1 c2
Event: 0.180 Thread 0x0000024623170800 DEOPT PACKING pc=0x000002463343aa94 sp=0x000000e27c1fb060
Event: 0.180 Thread 0x0000024623170800 DEOPT UNPACKING pc=0x000002462b8da1af sp=0x000000e27c1fb000 mode 2
Event: 0.180 Thread 0x0000024623170800 Uncommon trap: trap_request=0xffffffc6 fr.pc=0x000002463343aa94 relative=0x0000000000000074
Event: 0.180 Thread 0x0000024623170800 Uncommon trap: reason=bimorphic_or_optimized_type_check action=maybe_recompile pc=0x000002463343aa94 method=java.util.AbstractCollection.isEmpty()Z @ 1 c2
Event: 0.180 Thread 0x0000024623170800 DEOPT PACKING pc=0x000002463343aa94 sp=0x000000e27c1fb150
Event: 0.180 Thread 0x0000024623170800 DEOPT UNPACKING pc=0x000002462b8da1af sp=0x000000e27c1fb0f0 mode 2
Event: 0.243 Thread 0x0000024623170800 DEOPT PACKING pc=0x000002462c04290c sp=0x000000e27c1fca70
Event: 0.243 Thread 0x0000024623170800 DEOPT UNPACKING pc=0x000002462b8da95e sp=0x000000e27c1fbed8 mode 0
Event: 737.102 Thread 0x0000024623170800 DEOPT PACKING pc=0x000002462c057b82 sp=0x000000e27c1fc640
Event: 737.102 Thread 0x0000024623170800 DEOPT UNPACKING pc=0x000002462b8da95e sp=0x000000e27c1fbac8 mode 0

Classes redefined (0 events):
No events

Internal exceptions (16 events):
Event: 0.183 Thread 0x0000024623170800 Exception <a 'java/lang/NoSuchMethodError'{0x000000071216e758}: 'void java.lang.invoke.DelegatingMethodHandle$Holder.delegate(java.lang.Object, java.lang.Object, int, java.lang.Object)'> (0x000000071216e758) thrown at [./src/hotspot/share/interpreter/linkResolver.cpp, line 773]
Event: 0.183 Thread 0x0000024623170800 Exception <a 'java/lang/NoSuchMethodError'{0x0000000712175a28}: 'java.lang.Object java.lang.invoke.DirectMethodHandle$Holder.invokeStaticInit(java.lang.Object, java.lang.Object, java.lang.Object)'> (0x0000000712175a28) thrown at [./src/hotspot/share/interpreter/linkResolver.cpp, line 773]
Event: 0.187 Thread 0x0000024623170800 Exception <a 'java/lang/NoSuchMethodError'{0x000000071201c350}: 'int java.lang.invoke.DirectMethodHandle$Holder.invokeSpecialIFC(java.lang.Object, java.lang.Object, int)'> (0x000000071201c350) thrown at [./src/hotspot/share/interpreter/linkResolver.cpp, line 773]
Event: 0.209 Thread 0x0000024623170800 Exception <a 'sun/nio/fs/WindowsException'{0x00000007120fb9e8}> (0x00000007120fb9e8) thrown at [./src/hotspot/share/prims/jni.cpp, line 615]
Event: 0.209 Thread 0x0000024623170800 Exception <a 'sun/nio/fs/WindowsException'{0x00000007120fd020}> (0x00000007120fd020) thrown at [./src/hotspot/share/prims/jni.cpp, line 615]
Event: 0.231 Thread 0x0000024623170800 Exception <a 'java/lang/NoSuchMethodError'{0x0000000711e1fd18}: 'int java.lang.invoke.DirectMethodHandle$Holder.invokeStaticInit(java.lang.Object, java.lang.Object, int, long)'> (0x0000000711e1fd18) thrown at [./src/hotspot/share/interpreter/linkResolver.cpp, line 773]
Event: 0.232 Thread 0x0000024623170800 Exception <a 'java/lang/NoSuchMethodError'{0x0000000711e25650}: 'java.lang.Object java.lang.invoke.Invokers$Holder.linkToTargetMethod(java.lang.Object, int, java.lang.Object)'> (0x0000000711e25650) thrown at [./src/hotspot/share/interpreter/linkResolver.cpp, line 773]
Event: 0.233 Thread 0x0000024623170800 Exception <a 'java/lang/NoSuchMethodError'{0x0000000711e335b0}: 'int java.lang.invoke.DirectMethodHandle$Holder.invokeStaticInit(java.lang.Object, java.lang.Object, long, long)'> (0x0000000711e335b0) thrown at [./src/hotspot/share/interpreter/linkResolver.cpp, line 773]
Event: 0.234 Thread 0x0000024623170800 Exception <a 'java/lang/NoSuchMethodError'{0x0000000711e3ed10}: 'java.lang.Object java.lang.invoke.Invokers$Holder.linkToTargetMethod(java.lang.Object, long, java.lang.Object)'> (0x0000000711e3ed10) thrown at [./src/hotspot/share/interpreter/linkResolver.cpp, line 773]
Event: 0.235 Thread 0x0000024623170800 Exception <a 'java/lang/NoSuchMethodError'{0x0000000711e45048}: 'int java.lang.invoke.DirectMethodHandle$Holder.invokeStaticInit(java.lang.Object, java.lang.Object, java.lang.Object, long)'> (0x0000000711e45048) thrown at [./src/hotspot/share/interpreter/linkResolver.cpp, line 773]
Event: 0.253 Thread 0x0000024623170800 Exception <a 'sun/nio/fs/WindowsException'{0x0000000711d40ed8}> (0x0000000711d40ed8) thrown at [./src/hotspot/share/prims/jni.cpp, line 615]
Event: 0.253 Thread 0x0000024623170800 Exception <a 'sun/nio/fs/WindowsException'{0x0000000711d41250}> (0x0000000711d41250) thrown at [./src/hotspot/share/prims/jni.cpp, line 615]
Event: 189.796 Thread 0x0000024623170800 Exception <a 'sun/nio/fs/WindowsException'{0x0000000711c412b8}> (0x0000000711c412b8) thrown at [./src/hotspot/share/prims/jni.cpp, line 615]
Event: 189.796 Thread 0x0000024623170800 Exception <a 'sun/nio/fs/WindowsException'{0x0000000711c41668}> (0x0000000711c41668) thrown at [./src/hotspot/share/prims/jni.cpp, line 615]
Event: 189.798 Thread 0x0000024623170800 Exception <a 'sun/nio/fs/WindowsException'{0x0000000711c56028}> (0x0000000711c56028) thrown at [./src/hotspot/share/prims/jni.cpp, line 615]
Event: 189.798 Thread 0x0000024623170800 Exception <a 'sun/nio/fs/WindowsException'{0x0000000711c56318}> (0x0000000711c56318) thrown at [./src/hotspot/share/prims/jni.cpp, line 615]

Events (20 events):
Event: 737.099 loading class org/lwjgl/opengl/GL15
Event: 737.099 loading class org/lwjgl/opengl/GL15 done
Event: 737.100 loading class org/lwjgl/opengl/GL14
Event: 737.100 loading class org/lwjgl/opengl/GL14 done
Event: 737.100 loading class org/lwjgl/opengl/GL13
Event: 737.100 loading class org/lwjgl/opengl/GL13 done
Event: 737.101 loading class org/lwjgl/opengl/GL12
Event: 737.101 loading class org/lwjgl/opengl/GL12 done
Event: 737.102 loading class org/lwjgl/opengl/GL15C
Event: 737.102 loading class org/lwjgl/opengl/GL15C done
Event: 737.102 loading class org/lwjgl/opengl/GL14C
Event: 737.102 loading class org/lwjgl/opengl/GL14C done
Event: 737.103 loading class org/lwjgl/opengl/GL13C
Event: 737.103 loading class org/lwjgl/opengl/GL13C done
Event: 737.103 loading class org/lwjgl/opengl/GL12C
Event: 737.103 loading class org/lwjgl/opengl/GL12C done
Event: 737.103 loading class org/lwjgl/opengl/GL11C
Event: 737.103 loading class org/lwjgl/opengl/GL11C done
Event: 737.105 loading class org/lwjgl/system/libc/LibCString
Event: 737.105 loading class org/lwjgl/system/libc/LibCString done


Dynamic libraries:
0x00007ff77a1e0000 - 0x00007ff77a1ed000 	C:\Program Files\Microsoft\jdk-11.0.12.7-hotspot\bin\java.exe
0x00007ff8c0c30000 - 0x00007ff8c0e28000 	C:\windows\SYSTEM32\ntdll.dll
0x00007ff8bf1c0000 - 0x00007ff8bf27f000 	C:\windows\System32\KERNEL32.DLL
0x00007ff8be600000 - 0x00007ff8be8d2000 	C:\windows\System32\KERNELBASE.dll
0x00007ff8be910000 - 0x00007ff8bea10000 	C:\windows\System32\ucrtbase.dll
0x00007ff89a280000 - 0x00007ff89a295000 	C:\Program Files\Microsoft\jdk-11.0.12.7-hotspot\bin\VCRUNTIME140.dll
0x00007ff89a2a0000 - 0x00007ff89a2b7000 	C:\Program Files\Microsoft\jdk-11.0.12.7-hotspot\bin\jli.dll
0x00007ff8c0710000 - 0x00007ff8c08b1000 	C:\windows\System32\USER32.dll
0x00007ff8be520000 - 0x00007ff8be542000 	C:\windows\System32\win32u.dll
0x00007ff8c04d0000 - 0x00007ff8c04fb000 	C:\windows\System32\GDI32.dll
0x00007ff89ee90000 - 0x00007ff89f12a000 	C:\windows\WinSxS\amd64_microsoft.windows.common-controls_6595b64144ccf1df_6.0.19041.1110_none_60b5254171f9507e\COMCTL32.dll
0x00007ff8bea10000 - 0x00007ff8beb1f000 	C:\windows\System32\gdi32full.dll
0x00007ff8c0b50000 - 0x00007ff8c0bee000 	C:\windows\System32\msvcrt.dll
0x00007ff8be480000 - 0x00007ff8be51d000 	C:\windows\System32\msvcp_win.dll
0x00007ff8bf7e0000 - 0x00007ff8bf812000 	C:\windows\System32\IMM32.DLL
0x00007ff86eb10000 - 0x00007ff86ebab000 	C:\Program Files\Microsoft\jdk-11.0.12.7-hotspot\bin\msvcp140.dll
0x00007ff846720000 - 0x00007ff847281000 	C:\Program Files\Microsoft\jdk-11.0.12.7-hotspot\bin\server\jvm.dll
0x00007ff8c0380000 - 0x00007ff8c042e000 	C:\windows\System32\ADVAPI32.dll
0x00007ff8c0430000 - 0x00007ff8c04cc000 	C:\windows\System32\sechost.dll
0x00007ff8c0a20000 - 0x00007ff8c0b45000 	C:\windows\System32\RPCRT4.dll
0x00007ff8c08c0000 - 0x00007ff8c08c8000 	C:\windows\System32\PSAPI.DLL
0x00007ff8a5590000 - 0x00007ff8a5599000 	C:\windows\SYSTEM32\WSOCK32.dll
0x00007ff8a7950000 - 0x00007ff8a7977000 	C:\windows\SYSTEM32\WINMM.dll
0x00007ff8b2d10000 - 0x00007ff8b2d1a000 	C:\windows\SYSTEM32\VERSION.dll
0x00007ff8c02b0000 - 0x00007ff8c031b000 	C:\windows\System32\WS2_32.dll
0x00007ff8bc3c0000 - 0x00007ff8bc3d2000 	C:\windows\SYSTEM32\kernel.appcore.dll
0x00007ff89a270000 - 0x00007ff89a280000 	C:\Program Files\Microsoft\jdk-11.0.12.7-hotspot\bin\verify.dll
0x00007ff8bc180000 - 0x00007ff8bc364000 	C:\windows\SYSTEM32\DBGHELP.DLL
0x00007ff89a550000 - 0x00007ff89a585000 	C:\windows\SYSTEM32\dbgcore.DLL
0x00007ff8beb20000 - 0x00007ff8beba2000 	C:\windows\System32\bcryptPrimitives.dll
0x00007ff89a240000 - 0x00007ff89a268000 	C:\Program Files\Microsoft\jdk-11.0.12.7-hotspot\bin\java.dll
0x00007ff89a230000 - 0x00007ff89a23a000 	C:\Program Files\Microsoft\jdk-11.0.12.7-hotspot\bin\jimage.dll
0x00007ff873cd0000 - 0x00007ff873d08000 	C:\Program Files\Microsoft\jdk-11.0.12.7-hotspot\bin\jdwp.dll
0x00007ff8b5220000 - 0x00007ff8b522e000 	C:\Program Files\Microsoft\jdk-11.0.12.7-hotspot\bin\instrument.dll
0x00007ff89a210000 - 0x00007ff89a227000 	C:\Program Files\Microsoft\jdk-11.0.12.7-hotspot\bin\zip.dll
0x00007ff8bfab0000 - 0x00007ff8c01f4000 	C:\windows\System32\SHELL32.dll
0x00007ff8bc3e0000 - 0x00007ff8bcb72000 	C:\windows\SYSTEM32\windows.storage.dll
0x00007ff8bee50000 - 0x00007ff8bf1a5000 	C:\windows\System32\combase.dll
0x00007ff8bdd80000 - 0x00007ff8bddb0000 	C:\windows\SYSTEM32\Wldp.dll
0x00007ff8c0200000 - 0x00007ff8c02ad000 	C:\windows\System32\SHCORE.dll
0x00007ff8bf280000 - 0x00007ff8bf2d5000 	C:\windows\System32\shlwapi.dll
0x00007ff8be260000 - 0x00007ff8be27f000 	C:\windows\SYSTEM32\profapi.dll
0x00007ff8b4be0000 - 0x00007ff8b4bea000 	C:\Program Files\Microsoft\jdk-11.0.12.7-hotspot\bin\dt_socket.dll
0x00007ff8bdae0000 - 0x00007ff8bdb4a000 	C:\windows\system32\mswsock.dll
0x00007ff89a1f0000 - 0x00007ff89a209000 	C:\Program Files\Microsoft\jdk-11.0.12.7-hotspot\bin\net.dll
0x00007ff8b25e0000 - 0x00007ff8b26ec000 	C:\windows\SYSTEM32\WINHTTP.dll
0x00007ff86ef50000 - 0x00007ff86ef62000 	C:\Program Files\Microsoft\jdk-11.0.12.7-hotspot\bin\nio.dll
0x00007ff873c50000 - 0x00007ff873cc5000 	C:\Users\launa\AppData\Local\Temp\lwjglmathieu\3.3.1-build-7\lwjgl.dll
0x00007ff8463a0000 - 0x00007ff846401000 	C:\Users\launa\AppData\Local\Temp\lwjglmathieu\3.3.1-build-7\glfw.dll
0x00007ff86ef70000 - 0x00007ff86efb5000 	C:\windows\SYSTEM32\dinput8.dll
0x00007ff8986b0000 - 0x00007ff8986c1000 	C:\windows\SYSTEM32\xinput1_4.dll
0x00007ff8bebb0000 - 0x00007ff8bebfe000 	C:\windows\System32\cfgmgr32.dll
0x00007ff8be0f0000 - 0x00007ff8be11c000 	C:\windows\SYSTEM32\DEVOBJ.dll
0x00007ff8bbbf0000 - 0x00007ff8bbc1f000 	C:\windows\SYSTEM32\dwmapi.dll
0x00007ff8a4fd0000 - 0x00007ff8a5122000 	C:\windows\SYSTEM32\inputhost.dll
0x00007ff8c0950000 - 0x00007ff8c0a1d000 	C:\windows\System32\OLEAUT32.dll
0x00007ff8b6200000 - 0x00007ff8b6354000 	C:\windows\SYSTEM32\wintypes.dll
0x00007ff8b7ec0000 - 0x00007ff8b7fb2000 	C:\windows\SYSTEM32\CoreMessaging.dll
0x00007ff8b7650000 - 0x00007ff8b7746000 	C:\windows\SYSTEM32\PROPSYS.dll
0x00007ff8b7b10000 - 0x00007ff8b7e6e000 	C:\windows\SYSTEM32\CoreUIComponents.dll
0x00007ff8bd4d0000 - 0x00007ff8bd503000 	C:\windows\SYSTEM32\ntmarta.dll
0x00007ff8b8410000 - 0x00007ff8b84ae000 	C:\windows\system32\uxtheme.dll
0x00007ff8bf820000 - 0x00007ff8bf935000 	C:\windows\System32\MSCTF.dll
0x00007ff89bf50000 - 0x00007ff89c075000 	C:\windows\SYSTEM32\opengl32.dll
0x00007ff89bde0000 - 0x00007ff89be0c000 	C:\windows\SYSTEM32\GLU32.dll
0x00007ff8bf940000 - 0x00007ff8bf9ef000 	C:\windows\System32\clbcatq.dll
0x00007ff88bff0000 - 0x00007ff88f922000 	C:\windows\System32\DriverStore\FileRepository\nvhmi.inf_amd64_089fa0c576d7dd56\nvoglv64.dll
0x00007ff8bf370000 - 0x00007ff8bf7d8000 	C:\windows\System32\SETUPAPI.dll
0x00007ff8be8e0000 - 0x00007ff8be907000 	C:\windows\System32\bcrypt.dll
0x00007ff8c0500000 - 0x00007ff8c062a000 	C:\windows\System32\ole32.dll
0x00007ff8b4510000 - 0x00007ff8b4524000 	C:\windows\SYSTEM32\WTSAPI32.dll
0x00007ff8bdf10000 - 0x00007ff8bdf22000 	C:\windows\SYSTEM32\msasn1.dll
0x00007ff8adb50000 - 0x00007ff8adb81000 	C:\windows\SYSTEM32\cryptnet.dll
0x00007ff8be320000 - 0x00007ff8be476000 	C:\windows\System32\CRYPT32.dll
0x00007ff8acbd0000 - 0x00007ff8acd18000 	C:\windows\SYSTEM32\drvstore.dll
0x00007ff8bdcf0000 - 0x00007ff8bdcfc000 	C:\windows\SYSTEM32\cryptbase.dll
0x00007ff8bec00000 - 0x00007ff8bec69000 	C:\windows\System32\WINTRUST.dll
0x00007ff8ace90000 - 0x00007ff8acecb000 	C:\windows\SYSTEM32\dxcore.dll
0x00007ff88b770000 - 0x00007ff88ba3f000 	C:\windows\system32\nvspcap64.dll
0x00007ff8bd8f0000 - 0x00007ff8bd93b000 	C:\windows\SYSTEM32\powrprof.dll
0x00007ff8bd760000 - 0x00007ff8bd772000 	C:\windows\SYSTEM32\UMPDC.dll
0x00007ff8bd060000 - 0x00007ff8bd0c4000 	C:\windows\SYSTEM32\WINSTA.dll
0x00007ff85c060000 - 0x00007ff85c0bd000 	C:\Users\launa\AppData\Local\Temp\lwjglmathieu\3.3.1-build-7\lwjgl_opengl.dll
0x00007ff8a5130000 - 0x00007ff8a5229000 	C:\windows\SYSTEM32\textinputframework.dll

dbghelp: loaded successfully - version: 4.0.5 - missing functions: none
symbol engine: initialized successfully - sym options: 0x614 - pdb path: .;C:\Program Files\Microsoft\jdk-11.0.12.7-hotspot\bin;C:\windows\SYSTEM32;C:\windows\WinSxS\amd64_microsoft.windows.common-controls_6595b64144ccf1df_6.0.19041.1110_none_60b5254171f9507e;C:\Program Files\Microsoft\jdk-11.0.12.7-hotspot\bin\server;C:\Users\launa\AppData\Local\Temp\lwjglmathieu\3.3.1-build-7;C:\windows\System32\DriverStore\FileRepository\nvhmi.inf_amd64_089fa0c576d7dd56

VM Arguments:
jvm_args: -agentlib:jdwp=transport=dt_socket,address=127.0.0.1:29266,suspend=y,server=n -javaagent:C:\Users\launa\AppData\Local\JetBrains\IdeaIE2022.2\captureAgent\debugger-agent.jar -Dfile.encoding=UTF-8 
java_command: supercube.App
java_class_path (initial): C:\Users\launa\intelliJ_workspace\opengl_SuperCubeProject\target\classes;C:\Users\launa\.m2\repository\org\lwjgl\lwjgl\3.3.1\lwjgl-3.3.1.jar;C:\Users\launa\.m2\repository\org\lwjgl\lwjgl-assimp\3.3.1\lwjgl-assimp-3.3.1.jar;C:\Users\launa\.m2\repository\org\lwjgl\lwjgl-glfw\3.3.1\lwjgl-glfw-3.3.1.jar;C:\Users\launa\.m2\repository\org\lwjgl\lwjgl-openal\3.3.1\lwjgl-openal-3.3.1.jar;C:\Users\launa\.m2\repository\org\lwjgl\lwjgl-opengl\3.3.1\lwjgl-opengl-3.3.1.jar;C:\Users\launa\.m2\repository\org\lwjgl\lwjgl-stb\3.3.1\lwjgl-stb-3.3.1.jar;C:\Users\launa\.m2\repository\org\lwjgl\lwjgl\3.3.1\lwjgl-3.3.1-natives-windows.jar;C:\Users\launa\.m2\repository\org\lwjgl\lwjgl-assimp\3.3.1\lwjgl-assimp-3.3.1-natives-windows.jar;C:\Users\launa\.m2\repository\org\lwjgl\lwjgl-glfw\3.3.1\lwjgl-glfw-3.3.1-natives-windows.jar;C:\Users\launa\.m2\repository\org\lwjgl\lwjgl-openal\3.3.1\lwjgl-openal-3.3.1-natives-windows.jar;C:\Users\launa\.m2\repository\org\lwjgl\lwjgl-opengl\3.3.1\lwjgl-opengl-3.3.1-natives-windows.jar;C:\Users\launa\.m2\repository\org\lwjgl\lwjgl-stb\3.3.1\lwjgl-stb-3.3.1-natives-windows.jar;C:\Program Files\JetBrains\IntelliJ IDEA Educational Edition 2022.2.2\lib\idea_rt.jar
Launcher Type: SUN_STANDARD

[Global flags]
     intx CICompilerCount                          = 12                                        {product} {ergonomic}
     uint ConcGCThreads                            = 3                                         {product} {ergonomic}
     uint G1ConcRefinementThreads                  = 13                                        {product} {ergonomic}
   size_t G1HeapRegionSize                         = 1048576                                   {product} {ergonomic}
    uintx GCDrainStackTargetSize                   = 64                                        {product} {ergonomic}
   size_t InitialHeapSize                          = 266338304                                 {product} {ergonomic}
   size_t MarkStackSize                            = 4194304                                   {product} {ergonomic}
   size_t MaxHeapSize                              = 4253024256                                {product} {ergonomic}
   size_t MaxNewSize                               = 2551185408                                {product} {ergonomic}
   size_t MinHeapDeltaBytes                        = 1048576                                   {product} {ergonomic}
    uintx NonNMethodCodeHeapSize                   = 7594288                                {pd product} {ergonomic}
    uintx NonProfiledCodeHeapSize                  = 122031976                              {pd product} {ergonomic}
    uintx ProfiledCodeHeapSize                     = 122031976                              {pd product} {ergonomic}
    uintx ReservedCodeCacheSize                    = 251658240                              {pd product} {ergonomic}
     bool SegmentedCodeCache                       = true                                      {product} {ergonomic}
     bool UseCompressedClassPointers               = true                                 {lp64_product} {ergonomic}
     bool UseCompressedOops                        = true                                 {lp64_product} {ergonomic}
     bool UseG1GC                                  = true                                      {product} {ergonomic}
     bool UseLargePagesIndividualAllocation        = false                                  {pd product} {ergonomic}

Logging:
Log output configuration:
 #0: stdout all=warning uptime,level,tags
 #1: stderr all=off uptime,level,tags

Environment Variables:
PATH=C:\Python311\Scripts\;C:\Python311\;C:\Program Files\Common Files\Oracle\Java\javapath;C:\Program Files (x86)\Common Files\Intel\Shared Libraries\redist\intel64\compiler;C:\Program Files\Microsoft\jdk-11.0.12.7-hotspot\bin;C:\windows\system32;C:\windows;C:\windows\System32\Wbem;C:\windows\System32\WindowsPowerShell\v1.0\;C:\windows\System32\OpenSSH\;C:\Program Files (x86)\NVIDIA Corporation\PhysX\Common;C:\Program Files\NVIDIA Corporation\NVIDIA NvDLISR;C:\Program Files\Microsoft SQL Server\150\Tools\Binn\;C:\Program Files\Microsoft SQL Server\Client SDK\ODBC\170\Tools\Binn\;C:\Program Files\dotnet\;C:\Program Files\Git\cmd;C:\Program Files\PuTTY\;C:\Program Files\Oracle\apache-maven-3.8.6;C:\Program Files\nodejs\;C:\ProgramData\chocolatey\bin;C:\Users\launa\AppData\Local\Microsoft\WindowsApps;;C:\Users\launa\AppData\Local\Programs\Microsoft VS Code\bin;C:\Users\launa\.dotnet\tools;C:\Program Files\heroku\bin;C:\Program Files\JetBrains\IntelliJ IDEA Educational Edition 2022.2.2\bin;;C:\Users\launa\AppData\Roaming\npm
USERNAME=mathieu
OS=Windows_NT
PROCESSOR_IDENTIFIER=Intel64 Family 6 Model 165 Stepping 2, GenuineIntel



---------------  S Y S T E M  ---------------

OS: Windows 10 , 64 bit Build 19041 (10.0.19041.2364)
OS uptime: 0 days 4:33 hours

CPU:total 16 (initial active 16) (8 cores per cpu, 2 threads per core) family 6 model 165 stepping 2 microcode 0xe0, cmov, cx8, fxsr, mmx, sse, sse2, sse3, ssse3, sse4.1, sse4.2, popcnt, avx, avx2, aes, clmul, erms, 3dnowpref, lzcnt, ht, tsc, tscinvbit, bmi1, bmi2, adx, fma

Memory: 4k page, system-wide physical 16223M (7468M free)
TotalPageFile size 18655M (AvailPageFile size 4143M)
current process WorkingSet (physical memory assigned to process): 96M, peak: 96M
current process commit charge ("private bytes"): 404M, peak: 404M

vm_info: OpenJDK 64-Bit Server VM (11.0.12+7) for windows-amd64 JRE (11.0.12+7), built on Jul 21 2021 15:41:43 by "" with unknown MS VC++:1916

END.
